{"contracts/MultiSig.sol":{"l":{"13":5,"15":5,"17":5,"18":13,"19":13,"21":5,"22":5,"26":0,"27":0,"29":0,"32":0,"33":0,"34":0,"35":0,"36":0,"37":0,"38":0,"39":0},"path":"/Users/mathaiputhiakunnel/smartcontracts/multiSig/contracts/MultiSig.sol","s":{"1":5,"2":5,"3":5,"4":13,"5":13,"6":5,"7":5,"8":0,"9":0,"10":0,"11":0,"12":0,"13":0,"14":0,"15":0,"16":0,"17":0,"18":0,"19":0,"20":0,"21":0},"b":{"1":[5,0],"2":[0,0],"3":[0,0],"4":[0,0],"5":[0,0]},"f":{"1":5,"2":0,"3":0},"fnMap":{"1":{"name":"constructor","line":12,"loc":{"start":{"line":12,"column":8},"end":{"line":23,"column":12}}},"2":{"name":"execute","line":25,"loc":{"start":{"line":25,"column":7},"end":{"line":42,"column":4}}},"3":{"name":"","line":43,"loc":{"start":{"line":43,"column":4},"end":{"line":43,"column":33}}}},"statementMap":{"1":{"start":{"line":13,"column":12},"end":{"line":13,"column":143}},"2":{"start":{"line":15,"column":12},"end":{"line":15,"column":40}},"3":{"start":{"line":17,"column":12},"end":{"line":17,"column":658}},"4":{"start":{"line":18,"column":18},"end":{"line":18,"column":43}},"5":{"start":{"line":19,"column":18},"end":{"line":19,"column":37}},"6":{"start":{"line":21,"column":16},"end":{"line":21,"column":34}},"7":{"start":{"line":22,"column":16},"end":{"line":22,"column":55}},"8":{"start":{"line":26,"column":12},"end":{"line":26,"column":61}},"9":{"start":{"line":26,"column":52},"end":{"line":26,"column":59}},"10":{"start":{"line":27,"column":12},"end":{"line":27,"column":84}},"11":{"start":{"line":27,"column":75},"end":{"line":27,"column":82}},"12":{"start":{"line":29,"column":12},"end":{"line":29,"column":116}},"13":{"start":{"line":32,"column":12},"end":{"line":32,"column":40}},"14":{"start":{"line":33,"column":12},"end":{"line":33,"column":1414}},"15":{"start":{"line":34,"column":16},"end":{"line":34,"column":80}},"16":{"start":{"line":35,"column":16},"end":{"line":35,"column":73}},"17":{"start":{"line":35,"column":65},"end":{"line":35,"column":72}},"18":{"start":{"line":36,"column":16},"end":{"line":36,"column":34}},"19":{"start":{"line":37,"column":16},"end":{"line":37,"column":32}},"20":{"start":{"line":38,"column":16},"end":{"line":38,"column":69}},"21":{"start":{"line":39,"column":16},"end":{"line":39,"column":31}}},"branchMap":{"1":{"line":13,"type":"if","locations":[{"start":{"line":13,"column":12},"end":{"line":13,"column":12}},{"start":{"line":13,"column":12},"end":{"line":13,"column":12}}]},"2":{"line":26,"type":"if","locations":[{"start":{"line":26,"column":12},"end":{"line":26,"column":12}},{"start":{"line":26,"column":12},"end":{"line":26,"column":12}}]},"3":{"line":27,"type":"if","locations":[{"start":{"line":27,"column":12},"end":{"line":27,"column":12}},{"start":{"line":27,"column":12},"end":{"line":27,"column":12}}]},"4":{"line":35,"type":"if","locations":[{"start":{"line":35,"column":16},"end":{"line":35,"column":16}},{"start":{"line":35,"column":16},"end":{"line":35,"column":16}}]},"5":{"line":39,"type":"if","locations":[{"start":{"line":39,"column":16},"end":{"line":39,"column":16}},{"start":{"line":39,"column":16},"end":{"line":39,"column":16}}]}}}}